<?xml version="1.0" encoding="UTF-8"?>
<testsuite xmlns:xsi="http://www.w3.org/2001/XMLSchema-instance" xsi:noNamespaceSchemaLocation="https://maven.apache.org/surefire/maven-surefire-plugin/xsd/surefire-test-report-3.0.xsd" version="3.0" name="com.example.PromotionsTest" time="0.14" tests="6" errors="0" skipped="0" failures="0">
  <properties>
[...]
</properties>
  <testcase name="testCouponPromotionFailWhenProductNotInCart" classname="com.example.PromotionsTest" time="0.009"/>
  <testcase name="testBuyTwoGetOneFreePromotion" classname="com.example.PromotionsTest" time="0.009">
    <system-out><![CDATA[Kup 2, trzeci gratis! Mouse za 0 zł.
]]></system-out>
  </testcase>
  <testcase name="testPercentageDiscountPromotion" classname="com.example.PromotionsTest" time="0.011">
    <system-out><![CDATA[Zastosowano 5% rabatu przy zamówieniu powyżej 300.0
]]></system-out>
  </testcase>
  <testcase name="testFreeMugPromotion" classname="com.example.PromotionsTest" time="0.012"/>
  <testcase name="testCouponPromotion" classname="com.example.PromotionsTest" time="0.011">
    <system-out><![CDATA[Zastosowano kupon rabatowy na produkt: Mouse, cena z 50.0 na 35.0
Kupon już użyty, pomijanie.
]]></system-out>
  </testcase>
  <testcase name="testPercentageDiscountPromotionFail" classname="com.example.PromotionsTest" time="0.025">
    <system-out><![CDATA[Nie zastosowano rabatu – kwota zamówienia (450.0) mniejsza niż próg 1000.0
]]></system-out>
  </testcase>
</testsuite>